
João: Sem apelido
Carla: Sem apelido
Miguel: Sem apelido
André: Sem apelido
Ana: Sem apelido
Rita: Sem apelido
Pedro: Sem apelido
Maria: Sem apelido
Paulo: Sem apelido
Marta: Sem apelido
Bruno: Sem apelido
Sara: Sem apelido
Bruno: Sem apelido
Bruno: Sem apelido
Beatriz: Sem apelido
Pedro: Sem apelido
João: Sem apelido
Beatriz: Sem apelido
Luís: Sem apelido
Carlos: Sem apelido
Rita: Sem apelido
João Sem apelido: não tem email válido.
Carla Sem apelido: não tem email válido.
Miguel Sem apelido: não tem email válido.
André Sem apelido: não tem email válido.
Ana Sem apelido: não tem email válido.
Rita Sem apelido: não tem email válido.
Pedro Sem apelido: não tem email válido.
Maria Sem apelido: não tem email válido.
Paulo Sem apelido: não tem email válido.
Marta Sem apelido: não tem email válido.
Bruno Sem apelido: não tem email válido.
Sara Sem apelido: não tem email válido.
Bruno Sem apelido: não tem email válido.
Bruno Sem apelido: não tem email válido.
Beatriz Sem apelido: não tem email válido.
Pedro Sem apelido: não tem email válido.
João Sem apelido: não tem email válido.
Beatriz Sem apelido: não tem email válido.
Luís Sem apelido: não tem email válido.
Carlos Sem apelido: não tem email válido.
Rita Sem apelido: não tem email válido.
